[    0.000000] Linux version 4.15.0-121-generic (buildd@lgw01-amd64-034) (gcc version 7.5.0 (Ubuntu 7.5.0-3ubuntu1~18.04)) #123-Ubuntu SMP Mon Oct 5 16:16:40 UTC 2020 (Ubuntu 4.15.0-121.123-generic 4.15.18)
[    0.000000] Command line: BOOT_IMAGE=/boot/vmlinuz-4.15.0-121-generic root=LABEL=cloudimg-rootfs ro console=tty1 console=ttyS0
[    0.000000] KERNEL supported cpus:
[    0.000000]   Intel GenuineIntel
[    0.000000]   AMD AuthenticAMD
[    0.000000]   Centaur CentaurHauls
[    0.000000] x86/fpu: Supporting XSAVE feature 0x001: 'x87 floating point registers'
[    0.000000] x86/fpu: Supporting XSAVE feature 0x002: 'SSE registers'
[    0.000000] x86/fpu: Supporting XSAVE feature 0x004: 'AVX registers'
[    0.000000] x86/fpu: xstate_offset[2]:  576, xstate_sizes[2]:  256
[    0.000000] x86/fpu: Enabled xstate features 0x7, context size is 832 bytes, using 'standard' format.
[    0.000000] e820: BIOS-provided physical RAM map:
[    0.000000] BIOS-e820: [mem 0x0000000000000000-0x000000000009fbff] usable
[    0.000000] BIOS-e820: [mem 0x000000000009fc00-0x000000000009ffff] reserved
[    0.000000] BIOS-e820: [mem 0x00000000000f0000-0x00000000000fffff] reserved
[    0.000000] BIOS-e820: [mem 0x0000000000100000-0x000000001ffeffff] usable
[    0.000000] BIOS-e820: [mem 0x000000001fff0000-0x000000001fffffff] ACPI data
[    0.000000] BIOS-e820: [mem 0x00000000fec00000-0x00000000fec00fff] reserved
[    0.000000] BIOS-e820: [mem 0x00000000fee00000-0x00000000fee00fff] reserved
[    0.000000] BIOS-e820: [mem 0x00000000fffc0000-0x00000000ffffffff] reserved
[    0.000000] NX (Execute Disable) protection: active
[    0.000000] SMBIOS 2.5 present.
[    0.000000] DMI: innotek GmbH VirtualBox/VirtualBox, BIOS VirtualBox 12/01/2006
[    0.000000] Hypervisor detected: KVM
[    0.000000] e820: last_pfn = 0x1fff0 max_arch_pfn = 0x400000000
[    0.000000] MTRR: Disabled
[    0.000000] x86/PAT: MTRRs disabled, skipping PAT initialization too.
[    0.000000] CPU MTRRs all blank - virtualized system.
[    0.000000] x86/PAT: Configuration [0-7]: WB  WT  UC- UC  WB  WT  UC- UC  
[    0.000000] found SMP MP-table at [mem 0x0009fff0-0x0009ffff]
[    0.000000] Scanning 1 areas for low memory corruption
[    0.000000] RAMDISK: [mem 0x1db51000-0x1ee16fff]
[    0.000000] ACPI: Early table checksum verification disabled
[    0.000000] ACPI: RSDP 0x00000000000E0000 000024 (v02 VBOX  )
[    0.000000] ACPI: XSDT 0x000000001FFF0030 00003C (v01 VBOX   VBOXXSDT 00000001 ASL  00000061)
[    0.000000] ACPI: FACP 0x000000001FFF00F0 0000F4 (v04 VBOX   VBOXFACP 00000001 ASL  00000061)
[    0.000000] ACPI: DSDT 0x000000001FFF0470 002325 (v02 VBOX   VBOXBIOS 00000002 INTL 20100528)
[    0.000000] ACPI: FACS 0x000000001FFF0200 000040
[    0.000000] ACPI: FACS 0x000000001FFF0200 000040
[    0.000000] ACPI: APIC 0x000000001FFF0240 000054 (v02 VBOX   VBOXAPIC 00000001 ASL  00000061)
[    0.000000] ACPI: SSDT 0x000000001FFF02A0 0001CC (v01 VBOX   VBOXCPUT 00000002 INTL 20100528)
[    0.000000] No NUMA configuration found
[    0.000000] Faking a node at [mem 0x0000000000000000-0x000000001ffeffff]
[    0.000000] NODE_DATA(0) allocated [mem 0x1ffc5000-0x1ffeffff]
[    0.000000] kvm-clock: cpu 0, msr 0:1ff44001, primary cpu clock
[    0.000000] kvm-clock: Using msrs 4b564d01 and 4b564d00
[    0.000000] kvm-clock: using sched offset of 3735420563 cycles
[    0.000000] clocksource: kvm-clock: mask: 0xffffffffffffffff max_cycles: 0x1cd42e4dffb, max_idle_ns: 881590591483 ns
[    0.000000] Zone ranges:
[    0.000000]   DMA      [mem 0x0000000000001000-0x0000000000ffffff]
[    0.000000]   DMA32    [mem 0x0000000001000000-0x000000001ffeffff]
[    0.000000]   Normal   empty
[    0.000000]   Device   empty
[    0.000000] Movable zone start for each node
[    0.000000] Early memory node ranges
[    0.000000]   node   0: [mem 0x0000000000001000-0x000000000009efff]
[    0.000000]   node   0: [mem 0x0000000000100000-0x000000001ffeffff]
[    0.000000] Reserved but unavailable: 98 pages
[    0.000000] Initmem setup node 0 [mem 0x0000000000001000-0x000000001ffeffff]
[    0.000000] ACPI: PM-Timer IO Port: 0x4008
[    0.000000] IOAPIC[0]: apic_id 1, version 32, address 0xfec00000, GSI 0-23
[    0.000000] ACPI: INT_SRC_OVR (bus 0 bus_irq 0 global_irq 2 dfl dfl)
[    0.000000] ACPI: INT_SRC_OVR (bus 0 bus_irq 9 global_irq 9 low level)
[    0.000000] Using ACPI (MADT) for SMP configuration information
[    0.000000] smpboot: Allowing 1 CPUs, 0 hotplug CPUs
[    0.000000] PM: Registered nosave memory: [mem 0x00000000-0x00000fff]
[    0.000000] PM: Registered nosave memory: [mem 0x0009f000-0x0009ffff]
[    0.000000] PM: Registered nosave memory: [mem 0x000a0000-0x000effff]
[    0.000000] PM: Registered nosave memory: [mem 0x000f0000-0x000fffff]
[    0.000000] e820: [mem 0x20000000-0xfebfffff] available for PCI devices
[    0.000000] Booting paravirtualized kernel on KVM
[    0.000000] clocksource: refined-jiffies: mask: 0xffffffff max_cycles: 0xffffffff, max_idle_ns: 7645519600211568 ns
[    0.000000] random: get_random_bytes called from start_kernel+0x99/0x500 with crng_init=0
[    0.000000] setup_percpu: NR_CPUS:8192 nr_cpumask_bits:1 nr_cpu_ids:1 nr_node_ids:1
[    0.000000] percpu: Embedded 45 pages/cpu s147456 r8192 d28672 u2097152
[    0.000000] PV qspinlock hash table entries: 256 (order: 0, 4096 bytes)
[    0.000000] Built 1 zonelists, mobility grouping on.  Total pages: 128889
[    0.000000] Policy zone: DMA32
[    0.000000] Kernel command line: BOOT_IMAGE=/boot/vmlinuz-4.15.0-121-generic root=LABEL=cloudimg-rootfs ro console=tty1 console=ttyS0
[    0.000000] Memory: 467108K/523832K available (12300K kernel code, 2482K rwdata, 4272K rodata, 2436K init, 2724K bss, 56724K reserved, 0K cma-reserved)
[    0.000000] SLUB: HWalign=64, Order=0-3, MinObjects=0, CPUs=1, Nodes=1
[    0.000000] Kernel/User page tables isolation: enabled
[    0.000000] ftrace: allocating 39402 entries in 154 pages
[    0.004000] Hierarchical RCU implementation.
[    0.004000] 	RCU restricting CPUs from NR_CPUS=8192 to nr_cpu_ids=1.
[    0.004000] 	Tasks RCU enabled.
[    0.004000] RCU: Adjusting geometry for rcu_fanout_leaf=16, nr_cpu_ids=1
[    0.004000] NR_IRQS: 524544, nr_irqs: 256, preallocated irqs: 16
[    0.004000] Console: colour VGA+ 80x25
[    0.004000] console [tty1] enabled
[    0.004000] console [ttyS0] enabled
[    0.004000] ACPI: Core revision 20170831
[    0.004000] ACPI: 2 ACPI AML tables successfully acquired and loaded
[    0.004000] APIC: Switch to symmetric I/O mode setup
[    0.004000] x2apic enabled
[    0.004000] Switched APIC routing to physical x2apic.
[    0.004000] ..TIMER: vector=0x30 apic1=0 pin1=2 apic2=-1 pin2=-1
[    0.004004] tsc: Detected 3192.000 MHz processor
[    0.005555] Calibrating delay loop (skipped) preset value.. 6384.00 BogoMIPS (lpj=12768000)
[    0.008004] pid_max: default: 32768 minimum: 301
[    0.009050] Security Framework initialized
[    0.009843] Yama: becoming mindful.
[    0.010554] AppArmor: AppArmor initialized
[    0.012081] Dentry cache hash table entries: 65536 (order: 7, 524288 bytes)
[    0.013665] Inode-cache hash table entries: 32768 (order: 6, 262144 bytes)
[    0.015444] Mount-cache hash table entries: 1024 (order: 1, 8192 bytes)
[    0.016005] Mountpoint-cache hash table entries: 1024 (order: 1, 8192 bytes)
[    0.017632] process: using mwait in idle threads
[    0.018566] Last level iTLB entries: 4KB 128, 2MB 8, 4MB 8
[    0.020002] Last level dTLB entries: 4KB 64, 2MB 0, 4MB 0, 1GB 4
[    0.021095] Spectre V1 : Mitigation: usercopy/swapgs barriers and __user pointer sanitization
[    0.024005] Spectre V2 : Mitigation: Full generic retpoline
[    0.025139] Spectre V2 : Spectre v2 / SpectreRSB mitigation: Filling RSB on context switch
[    0.026661] Speculative Store Bypass: Vulnerable
[    0.027581] SRBDS: Unknown: Dependent on hypervisor status
[    0.028002] MDS: Mitigation: Clear CPU buffers
[    0.046173] Freeing SMP alternatives memory: 36K
[    0.157803] smpboot: CPU0: Intel(R) Core(TM) i5-6500 CPU @ 3.20GHz (family: 0x6, model: 0x5e, stepping: 0x3)
[    0.160000] Performance Events: unsupported p6 CPU model 94 no PMU driver, software events only.
[    0.160000] Hierarchical SRCU implementation.
[    0.160541] NMI watchdog: Perf event create on CPU 0 failed with -2
[    0.162450] NMI watchdog: Perf NMI watchdog permanently disabled
[    0.164052] smp: Bringing up secondary CPUs ...
[    0.165120] smp: Brought up 1 node, 1 CPU
[    0.165893] smpboot: Max logical packages: 1
[    0.166708] smpboot: Total of 1 processors activated (6384.00 BogoMIPS)
[    0.168106] devtmpfs: initialized
[    0.168888] x86/mm: Memory block size: 128MB
[    0.170149] evm: security.selinux
[    0.172008] evm: security.SMACK64
[    0.172757] evm: security.SMACK64EXEC
[    0.173488] evm: security.SMACK64TRANSMUTE
[    0.174256] evm: security.SMACK64MMAP
[    0.174989] evm: security.apparmor
[    0.175637] evm: security.ima
[    0.176003] evm: security.capability
[    0.176838] clocksource: jiffies: mask: 0xffffffff max_cycles: 0xffffffff, max_idle_ns: 7645041785100000 ns
[    0.179612] futex hash table entries: 256 (order: 2, 16384 bytes)
[    0.180060] pinctrl core: initialized pinctrl subsystem
[    0.181170] RTC time: 13:41:40, date: 05/10/21
[    0.182049] NET: Registered protocol family 16
[    0.182963] audit: initializing netlink subsys (disabled)
[    0.184134] cpuidle: using governor ladder
[    0.184882] cpuidle: using governor menu
[    0.185716] ACPI: bus type PCI registered
[    0.187184] acpiphp: ACPI Hot Plug PCI Controller Driver version: 0.5
[    0.188010] audit: type=2000 audit(1620654105.287:1): state=initialized audit_enabled=0 res=1
[    0.192028] PCI: Using configuration type 1 for base access
[    0.194172] HugeTLB registered 2.00 MiB page size, pre-allocated 0 pages
[    0.196000] ACPI: Added _OSI(Module Device)
[    0.196021] ACPI: Added _OSI(Processor Device)
[    0.197007] ACPI: Added _OSI(3.0 _SCP Extensions)
[    0.197871] ACPI: Added _OSI(Processor Aggregator Device)
[    0.200013] ACPI: Added _OSI(Linux-Dell-Video)
[    0.200828] ACPI: Added _OSI(Linux-Lenovo-NV-HDMI-Audio)
[    0.201770] ACPI: Added _OSI(Linux-HPI-Hybrid-Graphics)
[    0.203011] ACPI: Executed 1 blocks of module-level executable AML code
[    0.209261] ACPI: Interpreter enabled
[    0.210026] ACPI: (supports S0 S5)
[    0.210733] ACPI: Using IOAPIC for interrupt routing
[    0.212000] PCI: Using host bridge windows from ACPI; if necessary, use "pci=nocrs" and report a bug
[    0.212200] ACPI: Enabled 2 GPEs in block 00 to 07
[    0.224201] ACPI: PCI Root Bridge [PCI0] (domain 0000 [bus 00-ff])
[    0.225394] acpi PNP0A03:00: _OSC: OS supports [ASPM ClockPM Segments MSI]
[    0.227222] acpi PNP0A03:00: _OSC: not requesting OS control; OS requires [ExtendedConfig ASPM ClockPM MSI]
[    0.228021] acpi PNP0A03:00: fail to add MMCONFIG information, can't access extended PCI configuration space under this bridge.
[    0.232431] PCI host bridge to bus 0000:00
[    0.233218] pci_bus 0000:00: root bus resource [io  0x0000-0x0cf7 window]
[    0.234550] pci_bus 0000:00: root bus resource [io  0x0d00-0xffff window]
[    0.235831] pci_bus 0000:00: root bus resource [mem 0x000a0000-0x000bffff window]
[    0.236007] pci_bus 0000:00: root bus resource [mem 0x20000000-0xfdffffff window]
[    0.238050] pci_bus 0000:00: root bus resource [bus 00-ff]
[    0.242209] pci 0000:00:01.1: legacy IDE quirk: reg 0x10: [io  0x01f0-0x01f7]
[    0.244002] pci 0000:00:01.1: legacy IDE quirk: reg 0x14: [io  0x03f6]
[    0.245780] pci 0000:00:01.1: legacy IDE quirk: reg 0x18: [io  0x0170-0x0177]
[    0.248000] pci 0000:00:01.1: legacy IDE quirk: reg 0x1c: [io  0x0376]
[    0.263161] pci 0000:00:07.0: quirk: [io  0x4000-0x403f] claimed by PIIX4 ACPI
[    0.264024] pci 0000:00:07.0: quirk: [io  0x4100-0x410f] claimed by PIIX4 SMB
[    0.273607] ACPI: PCI Interrupt Link [LNKA] (IRQs 5 9 10 *11)
[    0.275165] ACPI: PCI Interrupt Link [LNKB] (IRQs 5 9 *10 11)
[    0.276129] ACPI: PCI Interrupt Link [LNKC] (IRQs 5 *9 10 11)
[    0.277509] ACPI: PCI Interrupt Link [LNKD] (IRQs 5 9 10 *11)
[    0.280000] SCSI subsystem initialized
[    0.280104] pci 0000:00:02.0: vgaarb: setting as boot VGA device
[    0.281138] pci 0000:00:02.0: vgaarb: VGA device added: decodes=io+mem,owns=io+mem,locks=none
[    0.282667] pci 0000:00:02.0: vgaarb: bridge control possible
[    0.284002] vgaarb: loaded
[    0.284539] ACPI: bus type USB registered
[    0.285274] usbcore: registered new interface driver usbfs
[    0.288053] usbcore: registered new interface driver hub
[    0.289342] usbcore: registered new device driver usb
[    0.290539] EDAC MC: Ver: 3.0.0
[    0.291448] PCI: Using ACPI for IRQ routing
[    0.292318] NetLabel: Initializing
[    0.292949] NetLabel:  domain hash size = 128
[    0.293774] NetLabel:  protocols = UNLABELED CIPSOv4 CALIPSO
[    0.296028] NetLabel:  unlabeled traffic allowed by default
[    0.297573] clocksource: Switched to clocksource kvm-clock
[    0.319461] VFS: Disk quotas dquot_6.6.0
[    0.320715] VFS: Dquot-cache hash table entries: 512 (order 0, 4096 bytes)
[    0.322092] AppArmor: AppArmor Filesystem Enabled
[    0.322996] pnp: PnP ACPI init
[    0.324892] pnp: PnP ACPI: found 3 devices
[    0.332311] clocksource: acpi_pm: mask: 0xffffff max_cycles: 0xffffff, max_idle_ns: 2085701024 ns
[    0.334010] NET: Registered protocol family 2
[    0.334998] TCP established hash table entries: 4096 (order: 3, 32768 bytes)
[    0.337236] TCP bind hash table entries: 4096 (order: 4, 65536 bytes)
[    0.338449] TCP: Hash tables configured (established 4096 bind 4096)
[    0.339622] UDP hash table entries: 256 (order: 1, 8192 bytes)
[    0.340756] UDP-Lite hash table entries: 256 (order: 1, 8192 bytes)
[    0.341926] NET: Registered protocol family 1
[    0.342767] pci 0000:00:00.0: Limiting direct PCI/PCI transfers
[    0.345009] pci 0000:00:01.0: Activating ISA DMA hang workarounds
[    0.346401] pci 0000:00:02.0: Video device with shadowed ROM at [mem 0x000c0000-0x000dffff]
[    0.349393] Unpacking initramfs...
[    0.689598] Freeing initrd memory: 19224K
[    0.690533] clocksource: tsc: mask: 0xffffffffffffffff max_cycles: 0x2e02c4a121d, max_idle_ns: 440795236083 ns
[    0.692526] platform rtc_cmos: registered platform RTC device (no PNP device found)
[    0.695246] Scanning for low memory corruption every 60 seconds
[    0.697112] Initialise system trusted keyrings
[    0.697992] Key type blacklist registered
[    0.698841] workingset: timestamp_bits=36 max_order=17 bucket_order=0
[    0.701125] zbud: loaded
[    0.702785] squashfs: version 4.0 (2009/01/31) Phillip Lougher
[    0.704391] fuse init (API version 7.26)
[    0.705899] Key type asymmetric registered
[    0.706711] Asymmetric key parser 'x509' registered
[    0.707642] Block layer SCSI generic (bsg) driver version 0.4 loaded (major 246)
[    0.709077] io scheduler noop registered
[    0.710056] io scheduler deadline registered
[    0.711210] io scheduler cfq registered (default)
[    0.712538] ACPI: AC Adapter [AC] (on-line)
[    0.713459] input: Power Button as /devices/LNXSYSTM:00/LNXPWRBN:00/input/input0
[    0.714826] ACPI: Power Button [PWRF]
[    0.715799] input: Sleep Button as /devices/LNXSYSTM:00/LNXSLPBN:00/input/input1
[    0.717227] ACPI: Sleep Button [SLPF]
[    0.718205] Serial: 8250/16550 driver, 32 ports, IRQ sharing enabled
[    0.741330] 00:02: ttyS0 at I/O 0x3f8 (irq = 4, base_baud = 115200) is a 16550A
[    0.748136] Linux agpgart interface v0.103
[    0.749887] loop: module loaded
[    0.750948] scsi host0: ata_piix
[    0.751854] scsi host1: ata_piix
[    0.752935] ata1: PATA max UDMA/33 cmd 0x1f0 ctl 0x3f6 bmdma 0xd000 irq 14
[    0.754656] ata2: PATA max UDMA/33 cmd 0x170 ctl 0x376 bmdma 0xd008 irq 15
[    0.756397] libphy: Fixed MDIO Bus: probed
[    0.757149] tun: Universal TUN/TAP device driver, 1.6
[    0.758319] PPP generic driver version 2.4.2
[    0.759130] ehci_hcd: USB 2.0 'Enhanced' Host Controller (EHCI) Driver
[    0.761028] ehci-pci: EHCI PCI platform driver
[    0.762082] ehci-platform: EHCI generic platform driver
[    0.763142] ohci_hcd: USB 1.1 'Open' Host Controller (OHCI) Driver
[    0.764324] ohci-pci: OHCI PCI platform driver
[    0.766078] ohci-pci 0000:00:06.0: OHCI PCI host controller
[    0.767225] ohci-pci 0000:00:06.0: new USB bus registered, assigned bus number 1
[    0.769545] ohci-pci 0000:00:06.0: irq 22, io mem 0xf0804000
[    0.829743] usb usb1: New USB device found, idVendor=1d6b, idProduct=0001
[    0.832600] usb usb1: New USB device strings: Mfr=3, Product=2, SerialNumber=1
[    0.836688] usb usb1: Product: OHCI PCI host controller
[    0.839699] usb usb1: Manufacturer: Linux 4.15.0-121-generic ohci_hcd
[    0.842545] usb usb1: SerialNumber: 0000:00:06.0
[    0.845986] hub 1-0:1.0: USB hub found
[    0.847716] hub 1-0:1.0: 12 ports detected
[    0.850510] ohci-platform: OHCI generic platform driver
[    0.853737] uhci_hcd: USB Universal Host Controller Interface driver
[    0.857057] i8042: PNP: PS/2 Controller [PNP0303:PS2K,PNP0f03:PS2M] at 0x60,0x64 irq 1,12
[    0.859776] serio: i8042 KBD port at 0x60,0x64 irq 1
[    0.861362] serio: i8042 AUX port at 0x60,0x64 irq 12
[    0.862695] mousedev: PS/2 mouse device common for all mice
[    0.864227] input: AT Translated Set 2 keyboard as /devices/platform/i8042/serio0/input/input2
[    0.866601] rtc_cmos rtc_cmos: rtc core: registered rtc_cmos as rtc0
[    0.868021] rtc_cmos rtc_cmos: alarms up to one day, 114 bytes nvram
[    0.870189] i2c /dev entries driver
[    0.871220] device-mapper: uevent: version 1.0.3
[    0.872499] device-mapper: ioctl: 4.37.0-ioctl (2017-09-20) initialised: dm-devel@redhat.com
[    0.874322] ledtrig-cpu: registered to indicate activity on CPUs
[    0.875744] intel_pmc_core:  initialized
[    0.877213] NET: Registered protocol family 10
[    0.881635] Segment Routing with IPv6
[    0.882512] NET: Registered protocol family 17
[    0.883573] Key type dns_resolver registered
[    0.884650] mce: Using 0 MCE banks
[    0.886453] RAS: Correctable Errors collector initialized.
[    0.887772] sched_clock: Marking stable (884533270, 0)->(1078195031, -193661761)
[    0.889470] registered taskstats version 1
[    0.890281] Loading compiled-in X.509 certificates
[    0.893094] Loaded X.509 cert 'Build time autogenerated kernel key: 517b2180bafe62ad6f81db3336688475b28504c0'
[    0.895949] zswap: loaded using pool lzo/zbud
[    0.899419] Key type big_key registered
[    0.900246] Key type trusted registered
[    0.902464] Key type encrypted registered
[    0.903931] AppArmor: AppArmor sha1 policy hashing enabled
[    0.905097] ima: No TPM chip found, activating TPM-bypass! (rc=-19)
[    0.906516] ima: Allocated hash algorithm: sha1
[    0.907395] evm: HMAC attrs: 0x1
[    0.908406]   Magic number: 5:256:685
[    0.909154]  clocksource: hash matches
[    0.910577] rtc_cmos rtc_cmos: setting system clock to 2021-05-10 13:41:40 UTC (1620654100)
[    0.912606] BIOS EDD facility v0.16 2004-Jun-25, 0 devices found
[    0.913711] EDD information not available.
[    0.944931] Freeing unused kernel image memory: 2436K
[    0.953055] Write protecting the kernel read-only data: 20480k
[    0.954881] Freeing unused kernel image memory: 2008K
[    0.956274] Freeing unused kernel image memory: 1872K
[    0.965275] x86/mm: Checked W+X mappings: passed, no W+X pages found.
[    0.966475] x86/mm: Checking user space page tables
[    0.975595] x86/mm: Checked W+X mappings: passed, no W+X pages found.
Loading, please wait...
starting version 237
[    1.090588] e1000: Intel(R) PRO/1000 Network Driver - version 7.3.21-k8-NAPI
[    1.091869] e1000: Copyright (c) 1999-2006 Intel Corporation.
[    1.098268] Fusion MPT base driver 3.04.20
[    1.099128] Copyright (c) 1999-2008 LSI Corporation
[    1.112077] Fusion MPT SPI Host driver 3.04.20
[    1.140237] AVX2 version of gcm_enc/dec engaged.
[    1.141145] AES CTR mode by8 optimization enabled
[    1.315491] input: ImExPS/2 Generic Explorer Mouse as /devices/platform/i8042/serio1/input/input4
[    1.554375] e1000 0000:00:03.0 eth0: (PCI:33MHz:32-bit) 02:c6:b0:25:69:cb
[    1.555977] e1000 0000:00:03.0 eth0: Intel(R) PRO/1000 Network Connection
[    1.558239] mptbase: ioc0: Initiating bringup
[    1.652568] ioc0: LSI53C1030 A0: Capabilities={Initiator}
[    1.895719] scsi host2: ioc0: LSI53C1030 A0, FwRev=00000000h, Ports=1, MaxQ=256, IRQ=20
[    2.066110] scsi 2:0:0:0: Direct-Access     VBOX     HARDDISK         1.0  PQ: 0 ANSI: 5
[    2.073570] scsi target2:0:0: Beginning Domain Validation
[    2.079937] random: fast init done
[    2.082309] scsi target2:0:0: Domain Validation skipping write tests
[    2.086172] scsi target2:0:0: Ending Domain Validation
[    2.089035] scsi target2:0:0: asynchronous
[    2.091469] scsi 2:0:1:0: Direct-Access     VBOX     HARDDISK         1.0  PQ: 0 ANSI: 5
[    2.094244] scsi target2:0:1: Beginning Domain Validation
[    2.099414] scsi target2:0:1: Domain Validation skipping write tests
[    2.101366] scsi target2:0:1: Ending Domain Validation
[    2.103644] scsi target2:0:1: asynchronous
[    2.149211] sd 2:0:0:0: Attached scsi generic sg0 type 0
[    2.150500] sd 2:0:0:0: [sda] 20971520 512-byte logical blocks: (10.7 GB/10.0 GiB)
[    2.153120] sd 2:0:1:0: Attached scsi generic sg1 type 0
[    2.154541] sd 2:0:0:0: [sda] Write Protect is off
[    2.155967] sd 2:0:1:0: [sdb] 20480 512-byte logical blocks: (10.5 MB/10.0 MiB)
[    2.157531] sd 2:0:1:0: [sdb] Write Protect is off
[    2.158534] sd 2:0:0:0: [sda] Incomplete mode parameter data
[    2.159587] sd 2:0:0:0: [sda] Assuming drive cache: write through
[    2.162091] random: systemd-udevd: uninitialized urandom read (16 bytes read)
[    2.163489] random: systemd-udevd: uninitialized urandom read (16 bytes read)
[    2.164913] sd 2:0:1:0: [sdb] Incomplete mode parameter data
[    2.166258] sd 2:0:1:0: [sdb] Assuming drive cache: write through
[    2.167990] random: systemd-udevd: uninitialized urandom read (16 bytes read)
[    2.184809]  sda: sda1
[    2.187593] sd 2:0:0:0: [sda] Attached SCSI disk
[    2.188804] sd 2:0:1:0: [sdb] Attached SCSI disk
[    2.530390] e1000 0000:00:08.0 eth1: (PCI:33MHz:32-bit) 08:00:27:9a:47:de
[    2.531659] e1000 0000:00:08.0 eth1: Intel(R) PRO/1000 Network Connection
[    2.533985] e1000 0000:00:08.0 enp0s8: renamed from eth1
[    2.538179] e1000 0000:00:03.0 enp0s3: renamed from eth0
Begin: Loading essential drivers ... [    4.128207] raid6: sse2x1   gen() 10431 MB/s
[    4.176171] raid6: sse2x1   xor()  7590 MB/s
[    4.224421] raid6: sse2x2   gen() 13007 MB/s
[    4.272255] raid6: sse2x2   xor()  9014 MB/s
[    4.320292] raid6: sse2x4   gen() 14793 MB/s
[    4.368358] raid6: sse2x4   xor()  9369 MB/s
[    4.416059] raid6: avx2x1   gen() 21346 MB/s
[    4.464514] raid6: avx2x1   xor() 15000 MB/s
[    4.512848] raid6: avx2x2   gen() 25874 MB/s
[    4.560396] raid6: avx2x2   xor() 15949 MB/s
[    4.608479] raid6: avx2x4   gen() 29269 MB/s
[    4.656095] raid6: avx2x4   xor() 18032 MB/s
[    4.657097] raid6: using algorithm avx2x4 gen() 29269 MB/s
[    4.658132] raid6: .... xor() 18032 MB/s, rmw enabled
[    4.659165] raid6: using avx2x2 recovery algorithm
[    4.662710] xor: automatically using best checksumming function   avx       
[    4.665464] async_tx: api initialized (async)
done.
Begin: Running /scripts/init-premount ... done.
Begin: Mounting root file system ... Begin: Running /scripts/local-top ... done.
Begin: Running /scripts/local-premount ... [    4.723234] Btrfs loaded, crc32c=crc32c-intel
Scanning for Btrfs filesystems
done.
Warning: fsck not present, so skipping root file system
[    4.758610] EXT4-fs (sda1): mounted filesystem with ordered data mode. Opts: (null)
done.
Begin: Running /scripts/local-bottom ... done.
Begin: Running /scripts/init-bottom ... done.
[    4.924088] ip_tables: (C) 2000-2006 Netfilter Core Team
[    4.934087] systemd[1]: systemd 237 running in system mode. (+PAM +AUDIT +SELINUX +IMA +APPARMOR +SMACK +SYSVINIT +UTMP +LIBCRYPTSETUP +GCRYPT +GNUTLS +ACL +XZ +LZ4 +SECCOMP +BLKID +ELFUTILS +KMOD -IDN2 +IDN -PCRE2 default-hierarchy=hybrid)
[    4.939462] systemd[1]: Detected virtualization oracle.
[    4.940617] systemd[1]: Detected architecture x86-64.

Welcome to [1mUbuntu 18.04.5 LTS[0m!

[    4.945178] systemd[1]: Set hostname to <ubuntu>.
[    4.949038] systemd[1]: Initializing machine ID from random generator.
[    4.950315] systemd[1]: Installed transient /etc/machine-id file.
[    5.232362] systemd[1]: Reached target User and Group Name Lookups.
[[0;32m  OK  [0m] Reached target User and Group Name Lookups.
[    5.234800] systemd[1]: Reached target Swap.
[[0;32m  OK  [0m] Reached target Swap.
[    5.237208] systemd[1]: Reached target System Time Synchronized.
[[0;32m  OK  [0m] Reached target System Time Synchronized.
[    5.239473] systemd[1]: Set up automount Arbitrary Executable File Formats File System Automount Point.
[[0;32m  OK  [0m] Set up automount Arbitrary Executab…rmats File System Automount Point.
[[0;32m  OK  [0m] Created slice User and Session Slice.
[[0;32m  OK  [0m] Started Forward Password Requests to Wall Directory Watch.
[[0;32m  OK  [0m] Created slice System Slice.
[[0;32m  OK  [0m] Listening on /dev/initctl Compatibility Named Pipe.
[[0;32m  OK  [0m] Listening on LVM2 poll daemon socket.
[[0;32m  OK  [0m] Listening on Syslog Socket.
[[0;32m  OK  [0m] Listening on Device-mapper event daemon FIFOs.
[[0;32m  OK  [0m] Listening on Journal Socket (/dev/log).
[[0;32m  OK  [0m] Listening on udev Kernel Socket.
[[0;32m  OK  [0m] Listening on udev Control Socket.
[[0;32m  OK  [0m] Created slice system-serial\x2dgetty.slice.
[[0;32m  OK  [0m] Reached target Slices.
[[0;32m  OK  [0m] Listening on Journal Socket.
         Starting Load Kernel Modules...
         [    5.313980] Loading iSCSI transport class v2.0-870.
Starting Set the console keyboard layout...
[    5.321857] iscsi: registered transport (tcp)
         Starting Remount Root and Kernel File Systems...
         Starting Uncomplicated firewall...
[    5.368718] iscsi: registered transport (iser)
         Mounting Huge Pages File System...
         Mounting POSIX Message Queue File System...
         Starting Create list of required st…ce nodes for the current kernel...
[[0;32m  OK  [0m] Listening on LVM2 metadata daemon socket.
         Starting Monitoring of LVM2 mirrors…ng dmeventd or progress polling...
[[0;32m  OK  [0m] Listening on Network Service Netlink Socket.
[[0;32m  OK  [0m] Listening on Journal Audit Socket.
         Mounting Kernel Debug File System...
         Starting udev Coldplug all Devices...
         Starting Journal Service...
[[0;32m  OK  [0m] Started Load Kernel Modules.
[[0;32m  OK  [0m] Started Uncomplicated firewall.
[[0;32m  OK  [0m] Mounted Huge Pages File System.
[[0;32m  OK  [0m] Mounted POSIX Message Queue File System.
[[0;32m  OK  [0m] Started Create list of required sta…vice nodes for the current kernel.
[[0;32m  OK  [0m] Mounted Kernel Debug File System.
         Starting Create Static Device Nodes in /dev...
[    5.446729] EXT4-fs (sda1): re-mounted. Opts: (null)
         Mounting FUSE Control File System...
         Mounting Kernel Configuration File System...
         Starting Apply Kernel Variables...
[[0;32m  OK  [0m] Started Remount Root and Kernel File Systems.
[[0;32m  OK  [0m] Mounted FUSE Control File System.
[[0;32m  OK  [0m] Mounted Kernel Configuration File System.
[[0;32m  OK  [0m] Started LVM2 metadata daemon.
         Starting Load/Save Random Seed...
[[0;32m  OK  [0m] Started Create Static Device Nodes in /dev.
         Starting udev Kernel Device Manager...
[[0;32m  OK  [0m] Started Load/Save Random Seed.
[[0;32m  OK  [0m] Started Apply Kernel Variables.
[[0;32m  OK  [0m] Started Journal Service.
         Starting Flush Journal to Persistent Storage...
[[0;32m  OK  [0m] Started udev Kernel Device Manager.
[[0;32m  OK  [0m] Started Monitoring of LVM2 mirrors,…sing dmeventd or progress polling.
[[0;32m  OK  [0m] Started Flush Journal to Persistent Storage.
[[0;32m  OK  [0m] Started udev Coldplug all Devices.
[[0;32m  OK  [0m] Started Set the console keyboard layout.
[[0;32m  OK  [0m] Reached target Local File Systems (Pre).
[[0;32m  OK  [0m] Reached target Local File Systems.
         Starting Tell Plymouth To Write Out Runtime Data...
         Starting Set console font and keymap...
         Starting Create Volatile Files and Directories...
         Starting ebtables ruleset management...
         Starting Commit a transient machine-id on disk...
         Starting AppArmor initialization...
[[0;32m  OK  [0m] Started Dispatch Password Requests to Console Directory Watch.
[[0;32m  OK  [0m] Reached target Local Encrypted Volumes.
[[0;32m  OK  [0m] Started Tell Plymouth To Write Out Runtime Data.
[[0;32m  OK  [0m] Started Set console font and keymap.
[[0;32m  OK  [0m] Started Commit a transient machine-id on disk.
[[0;32m  OK  [0m] Started Create Volatile Files and Directories.
         Starting Update UTMP about System Boot/Shutdown...
[[0;32m  OK  [0m] Started Update UTMP about System Boot/Shutdown.
[[0;32m  OK  [0m] Started ebtables ruleset management.
[[0;32m  OK  [0m] Found device /dev/ttyS0.
[[0;32m  OK  [0m] Listening on Load/Save RF Kill Switch Status /dev/rfkill Watch.
[[0;32m  OK  [0m] Started AppArmor initialization.
         Starting Load AppArmor profiles managed internally by snapd...
         Starting Initial cloud-init job (pre-networking)...
[[0;32m  OK  [0m] Started Load AppArmor profiles managed internally by snapd.
[   10.388653] cloud-init[561]: Cloud-init v. 20.3-2-g371b392c-0ubuntu1~18.04.1 running 'init-local' at Mon, 10 May 2021 13:41:49 +0000. Up 9.90 seconds.
[[0;32m  OK  [0m] Started Initial cloud-init job (pre-networking).
[[0;32m  OK  [0m] Reached target Network (Pre).
         Starting Network Service...
[[0;32m  OK  [0m] Started Network Service.
         Starting Wait for Network to be Configured...
         Starting Network Name Resolution...
[[0;32m  OK  [0m] Started Network Name Resolution.
[[0;32m  OK  [0m] Reached target Network.
[[0;32m  OK  [0m] Reached target Host and Network Name Lookups.
[[0;32m  OK  [0m] Started Wait for Network to be Configured.
         Starting Initial cloud-init job (metadata service crawler)...
[   13.421976] cloud-init[661]: Cloud-init v. 20.3-2-g371b392c-0ubuntu1~18.04.1 running 'init' at Mon, 10 May 2021 13:41:52 +0000. Up 13.16 seconds.
[   13.426146] cloud-init[661]: ci-info: ++++++++++++++++++++++++++++++++++++++Net device info+++++++++++++++++++++++++++++++++++++++
[   13.428962] cloud-init[661]: ci-info: +--------+-------+----------------------------+---------------+--------+-------------------+
[   13.434414] cloud-init[661]: ci-info: | Device |   Up  |          Address           |      Mask     | Scope  |     Hw-Address    |
[   13.439396] cloud-init[661]: ci-info: +--------+-------+----------------------------+---------------+--------+-------------------+
[   13.443192] cloud-init[661]: ci-info: | enp0s3 |  True |         10.0.2.15          | 255.255.255.0 | global | 02:c6:b0:25:69:cb |
[   13.450548] cloud-init[661]: ci-info: | enp0s3 |  True | fe80::c6:b0ff:fe25:69cb/64 |       .       |  link  | 02:c6:b0:25:69:cb |
[   13.453862] cloud-init[661]: ci-info: | enp0s8 | False |             .              |       .       |   .    | 08:00:27:9a:47:de |
[   13.456584] cloud-init[661]: ci-info: |   lo   |  True |         127.0.0.1          |   255.0.0.0   |  host  |         .         |
[   13.459763] cloud-init[661]: ci-info: |   lo   |  True |          ::1/128           |       .       |  host  |         .         |
[   13.464309] cloud-init[661]: ci-info: +--------+-------+----------------------------+---------------+--------+-------------------+
[   13.468565] cloud-init[661]: ci-info: ++++++++++++++++++++++++++++Route IPv4 info+++++++++++++++++++++++++++++
[   13.471674] cloud-init[661]: ci-info: +-------+-------------+----------+-----------------+-----------+-------+
[   13.473556] cloud-init[661]: ci-info: | Route | Destination | Gateway  |     Genmask     | Interface | Flags |
[   13.475913] cloud-init[661]: ci-info: +-------+-------------+----------+-----------------+-----------+-------+
[   13.479843] cloud-init[661]: ci-info: |   0   |   0.0.0.0   | 10.0.2.2 |     0.0.0.0     |   enp0s3  |   UG  |
[   13.481623] cloud-init[661]: ci-info: |   1   |   10.0.2.0  | 0.0.0.0  |  255.255.255.0  |   enp0s3  |   U   |
[   13.483763] cloud-init[661]: ci-info: |   2   |   10.0.2.2  | 0.0.0.0  | 255.255.255.255 |   enp0s3  |   UH  |
[   13.489610] cloud-init[661]: ci-info: +-------+-------------+----------+-----------------+-----------+-------+
[   13.492471] cloud-init[661]: ci-info: +++++++++++++++++++Route IPv6 info+++++++++++++++++++
[   13.496713] cloud-init[661]: ci-info: +-------+-------------+---------+-----------+-------+
[   13.498449] cloud-init[661]: ci-info: | Route | Destination | Gateway | Interface | Flags |
[   13.502085] cloud-init[661]: ci-info: +-------+-------------+---------+-----------+-------+
[   13.505617] cloud-init[661]: ci-info: |   1   |  fe80::/64  |    ::   |   enp0s3  |   U   |
[   13.511355] cloud-init[661]: ci-info: |   3   |    local    |    ::   |   enp0s3  |   U   |
[   13.513130] cloud-init[661]: ci-info: |   4   |   ff00::/8  |    ::   |   enp0s3  |   U   |
[   13.516337] cloud-init[661]: ci-info: +-------+-------------+---------+-----------+-------+
[   14.069977] cloud-init[661]: Generating public/private rsa key pair.
[   14.071125] cloud-init[661]: Your identification has been saved in /etc/ssh/ssh_host_rsa_key.
[   14.072843] cloud-init[661]: Your public key has been saved in /etc/ssh/ssh_host_rsa_key.pub.
[   14.076284] cloud-init[661]: The key fingerprint is:
[   14.080206] cloud-init[661]: SHA256:jFmM28ea0rtRgiZMKs3KpmeexXhe0nHlCxM6NwG4J1g root@ubuntu-bionic
[   14.081479] cloud-init[661]: The key's randomart image is:
[   14.082244] cloud-init[661]: +---[RSA 2048]----+
[   14.083051] cloud-init[661]: |     ..          |
[   14.088574] cloud-init[661]: |    E  +         |
[   14.089485] cloud-init[661]: |   o... = .      |
[   14.101093] cloud-init[661]: | o.+o .X *       |
[   14.112882] cloud-init[661]: |. + ooX S =      |
[   14.113957] cloud-init[661]: |.o o + * X .     |
[   14.114929] cloud-init[661]: |.o. = + = .      |
[   14.116506] cloud-init[661]: |o o= o . o       |
[   14.120751] cloud-init[661]: |.+o .   o.       |
[   14.121825] cloud-init[661]: +----[SHA256]-----+
[   14.124219] cloud-init[661]: Generating public/private dsa key pair.
[   14.128389] cloud-init[661]: Your identification has been saved in /etc/ssh/ssh_host_dsa_key.
[   14.129899] cloud-init[661]: Your public key has been saved in /etc/ssh/ssh_host_dsa_key.pub.
[   14.132186] cloud-init[661]: The key fingerprint is:
[   14.136287] cloud-init[661]: SHA256:dYWBw0MhsqGd1uKkLf032QG42xZeoWBAbqr6VU4fVsU root@ubuntu-bionic
[   14.138207] cloud-init[661]: The key's randomart image is:
[   14.140594] cloud-init[661]: +---[DSA 1024]----+
[   14.141584] cloud-init[661]: |     .= .oo+oo.  |
[   14.142512] cloud-init[661]: |     + B o=.E.   |
[   14.145045] cloud-init[661]: |    . X = +oo    |
[   14.149510] cloud-init[661]: |     X o = + .   |
[   14.152303] cloud-init[661]: |    + * S o o    |
[   14.153754] cloud-init[661]: |   . = + = = .   |
[   14.157570] cloud-init[661]: |  . . . + B .    |
[   14.158538] cloud-init[661]: | . .     o .     |
[   14.164197] cloud-init[661]: |...              |
[   14.165348] cloud-init[661]: +----[SHA256]-----+
[   14.166520] cloud-init[661]: Generating public/private ecdsa key pair.
[   14.168436] cloud-init[661]: Your identification has been saved in /etc/ssh/ssh_host_ecdsa_key.
[   14.172371] cloud-init[661]: Your public key has been saved in /etc/ssh/ssh_host_ecdsa_key.pub.
[   14.174226] cloud-init[661]: The key fingerprint is:
[   14.175332] cloud-init[661]: SHA256:B2zZl8DyaIZ/FTQ9ie20RitJAm6VOBxZdV4nNNLOQbQ root@ubuntu-bionic
[   14.180931] cloud-init[661]: The key's randomart image is:
[   14.182195] cloud-init[661]: +---[ECDSA 256]---+
[   14.183139] cloud-init[661]: |       .oB++=OB.o|
[   14.188988] cloud-init[661]: |       o*++.+*X=.|
[   14.190634] cloud-init[661]: |       .B=.ooOE= |
[   14.191632] cloud-init[661]: |      .o+...+ B  |
[   14.192699] cloud-init[661]: |       +S .. o   |
[   14.196457] cloud-init[661]: |        ...      |
[   14.197745] cloud-init[661]: |         .       |
[   14.198730] cloud-init[661]: |                 |
[   14.204435] cloud-init[661]: |                 |
[   14.205704] cloud-init[661]: +----[SHA256]-----+
[   14.206750] cloud-init[661]: Generating public/private ed25519 key pair.
[   14.208008] cloud-init[661]: Your identification has been saved in /etc/ssh/ssh_host_ed25519_key.
[   14.211339] cloud-init[661]: Your public key has been saved in /etc/ssh/ssh_host_ed25519_key.pub.
[[   14.216210] cloud-init[661]: The key fingerprint is:
[   14.217250] cloud-init[661]: SHA256:EunyPYAB3QTIPmS6AyoRRik8Ip3QfuAFu6od2xnlqL8 root@ubuntu-bionic
[   14.218661] cloud-init[661]: The key's randomart image is:
[   14.218819] cloud-init[661]: +--[ED25519 256]--+
[0;32m  OK  [0m] Started Initial cloud-init job (metadata service crawler).
[[0;32m  OK  [0m] Reached target System Initialization.
[[0;32m  OK  [0m] Listening on D-Bus System Message Bus Socket.
[[0;32m  OK  [0m] Started ACPI Events Check.
         Starting Socket activation for snappy daemon.
[[0;32m  OK  [0m] Started Discard unused blocks once a week.
[   14.232879] cloud-init[661]: |+*+=.+.          |
[[0;32m  OK  [0m] Started Message of the Day.
[   14.238319] cloud-init[661]: |==Xoo ..         |
[[0;32m  OK  [0m] Listening on ACPID Listen Socket.
[   14.241548] cloud-init[661]: |=Ooo. o          |
[[0;32m  OK  [0m] Started Daily apt download activities.
[[0;32m  OK  [0m] Started Daily apt upgrade and clean activities.
[   14.243531]          Starting LXD - unix socket.
[[0;32m  OK  [0m] Listening on Open-iSCSI iscsid Socket.
[[0;32m  OK  [0m] Reached target Paths.
cloud-init[661]: |+ =..+ .         |
[   14.253073] cloud-init[661]: |oo.oo = S        |
[   14.254283] cloud-init[661]: |=.   * +         |
[[0;32m  OK  [0m] Started Daily Cleanup of Temporary Directories.
[[0;32m  OK  [0m] Listening on UUID daemon activation socket.[   14.261505] cloud-init[661]: |o.. o o o        |
[   14.262580] cloud-init[661]: |.. = o   .       |
[   14.263541] cloud-init[661]: |. +.E.           |
[[0;32m  OK  [0m] Reached target Timers.
[[0;32m  OK  [0m] Reached target Cloud-config availability.
[[0;32m  OK  [0m] Reached target Network is Online.
         Starting Availability of block devices...
[[0;32m  OK  [0m] Reached target Remote File Systems (Pre).
[[0;32m  OK  [0m] Reached target Remote File Systems.
[[0;32m  OK  [0m
[   14.276373] cloud-init[661]: +----[SHA256]-----+
] Listening on Socket activation for snappy daemon.
[[0;32m  OK  [0m] Listening on LXD - unix socket.
[[0;32m  OK  [0m] Started Availability of block devices.
[[0;32m  OK  [0m] Reached target Sockets.
[[0;32m  OK  [0m] Reached target Basic System.
         Starting Login Service...
[[0;32m  OK  [0m] Started Deferred execution scheduler.
[[0;32m  OK  [0m] Started FUSE filesystem for LXC.
         Starting LXD - container startup/shutdown...
         Starting Permit User Sessions...
[[0;32m  OK  [0m] Started Regular background program processing daemon.
         Starting Accounts Service...
         Starting Virtualbox guest utils...
         Starting LSB: automatic crash report generation...
         Starting LSB: Record successful boot for GRUB...
         Starting System Logging Service...
         Starting Pollinate to seed the pseudo random number generator...
         Starting Snap Daemon...
[[0;32m  OK  [0m] Started irqbalance daemon.
[[0;32m  OK  [0m] Started D-Bus System Message Bus.
[[0;32m  OK  [0m] Started Login Service.
[[0;32m  OK  [0m] Started Unattended Upgrades Shutdown.
         Starting Dispatcher daemon for systemd-networkd...
[[0;32m  OK  [0m] Started System Logging Service.
[[0;32m  OK  [0m] Started LXD - container startup/shutdown.
[[0;32m  OK  [0m] Started Permit User Sessions.
         Starting Terminate Plymouth Boot Screen...
         Starting Hold until boot process finishes up...
[[0;32m  OK  [0m] Started Hold until boot process finishes up.
[[0;32m  OK  [0m] Started Serial Getty on ttyS0.
         Starting Set console scheme...
[[0;32m  OK  [0m] Started Terminate Plymouth Boot Screen.
[[0;32m  OK  [0m] Started Set console scheme.
[[0;32m  OK  [0m] Created slice system-getty.slice.
[[0;32m  OK  [0m] Started Getty on tty1.
[[0;32m  OK  [0m] Reached target Login Prompts.
         Starting Authorization Manager...
[[0;32m  OK  [0m] Started LSB: automatic crash report generation.
[[0;32m  OK  [0m] Started LSB: Record successful boot for GRUB.
[[0;32m  OK  [0m] Started Authorization Manager.
[[0;32m  OK  [0m] Started Accounts Service.
[[0;32m  OK  [0m] Started Virtualbox guest utils.
[[0;32m  OK  [0m] Started Dispatcher daemon for systemd-networkd.
[[0;32m  OK  [0m] Started Snap Daemon.
         Starting Wait until snapd is fully seeded...
[[0;32m  OK  [0m] Started Pollinate to seed the pseudo random number generator.
         Starting OpenBSD Secure Shell server...
[[0;32m  OK  [0m] Started OpenBSD Secure Shell server.
[[0;32m  OK  [0m] Created slice User Slice of vagrant.
         Starting User Manager for UID 1000...
[[0;32m  OK  [0m] Started Session 1 of user vagrant.
[[0;32m  OK  [0m] Started User Manager for UID 1000.
[[0;32m  OK  [0m] Started Wait until snapd is fully seeded.
         Starting Apply the settings specified in cloud-config...
[[0;32m  OK  [0m] Reached target Multi-User System.
[[0;32m  OK  [0m] Reached target Graphical Interface.
         Starting Update UTMP about System Runlevel Changes...
[[0;32m  OK  [0m] Started Update UTMP about System Runlevel Changes.
[   19.002742] cloud-init[1048]: Cloud-init v. 20.3-2-g371b392c-0ubuntu1~18.04.1 running 'modules:config' at Mon, 10 May 2021 13:41:57 +0000. Up 17.85 seconds.
[[0;32m  OK  [0m] Started Apply the settings specified in cloud-config.
         Starting Execute cloud user/final scripts...
ci-info: no authorized SSH keys fingerprints found for user ubuntu.
<14>May 10 13:42:00 ec2: 
<14>May 10 13:42:00 ec2: #############################################################
<14>May 10 13:42:00 ec2: -----BEGIN SSH HOST KEY FINGERPRINTS-----
<14>May 10 13:42:00 ec2: 1024 SHA256:dYWBw0MhsqGd1uKkLf032QG42xZeoWBAbqr6VU4fVsU root@ubuntu-bionic (DSA)
<14>May 10 13:42:00 ec2: 256 SHA256:B2zZl8DyaIZ/FTQ9ie20RitJAm6VOBxZdV4nNNLOQbQ root@ubuntu-bionic (ECDSA)
<14>May 10 13:42:00 ec2: 256 SHA256:EunyPYAB3QTIPmS6AyoRRik8Ip3QfuAFu6od2xnlqL8 root@ubuntu-bionic (ED25519)
<14>May 10 13:42:00 ec2: 2048 SHA256:jFmM28ea0rtRgiZMKs3KpmeexXhe0nHlCxM6NwG4J1g root@ubuntu-bionic (RSA)
<14>May 10 13:42:00 ec2: -----END SSH HOST KEY FINGERPRINTS-----
<14>May 10 13:42:00 ec2: #############################################################
-----BEGIN SSH HOST KEY KEYS-----
ecdsa-sha2-nistp256 AAAAE2VjZHNhLXNoYTItbmlzdHAyNTYAAAAIbmlzdHAyNTYAAABBBNEtUnj61Y/DBlM/JTomYfKu+VztyyiwdoTgE28Ejy43df4/JKLfTssj4K2hmASnKnN1I08dWfqEBTp98HoYvD4= root@ubuntu-bionic
ssh-ed25519 AAAAC3NzaC1lZDI1NTE5AAAAIGBBxVlFZ9AhDdHqNUuzWfjr6xQ4WDM/WSMj7wKoI+oq root@ubuntu-bionic
ssh-rsa AAAAB3NzaC1yc2EAAAADAQABAAABAQDNp5fgHN9pcaDpwPUyfFK54u9AisLWDrVC/n5r4Wg/XDALPvVfr6nvSRYpN+BVGLlkycUjR+lSgJFbGwnZF75F24q+z1lh6OydQU8jgiylkXSLmvY+r9J8i6gfQrqtfyr+6mOm/WY0nCwrBGqQsPXVzjHDvBEep0BsRzPKgGhOX1OD2BjGfmj646G0QwGcgpE9Cp9VNq8t6Q1Su3Zf4P3Qf1SUKY5z0ztFm0lrUntsSiH0NAZCdTsHLii/D+Eb6ZvegEV5KNtVkJOALZeKOT/UYHmlFKqdxcZa/bGx03xRwzp0JbzVOxy9rqTH3JLNYzVAz5eO3QtROWbJj6AhqrN7 root@ubuntu-bionic
-----END SSH HOST KEY KEYS-----
[   20.574156] cloud-init[1171]: Cloud-init v. 20.3-2-g371b392c-0ubuntu1~18.04.1 running 'modules:final' at Mon, 10 May 2021 13:41:59 +0000. Up 20.26 seconds.
[   20.575785] cloud-init[1171]: ci-info: no authorized SSH keys fingerprints found for user ubuntu.
[   20.576571] cloud-init[1171]: Cloud-init v. 20.3-2-g371b392c-0ubuntu1~18.04.1 finished at Mon, 10 May 2021 13:42:00 +0000. Datasource DataSourceNoCloud [seed=/dev/sdb][dsmode=net].  Up 20.54 seconds

Ubuntu 18.04.5 LTS ubuntu-bionic ttyS0

ubuntu-bionic login: 